<?xml version="1.0" encoding="UTF-8"?>
<testsuite name="com.motycka.edu.game.GameApplicationTest" tests="1" skipped="0" failures="0" errors="0" timestamp="2025-03-02T09:52:25" hostname="Levans-MacBook-Pro-3.local" time="0.079">
  <properties/>
  <testcase name="contextLoads()" classname="com.motycka.edu.game.GameApplicationTest" time="0.079"/>
  <system-out><![CDATA[16:52:24.172 [Test worker] INFO org.springframework.test.context.support.AnnotationConfigContextLoaderUtils -- Could not detect default configuration classes for test class [com.motycka.edu.game.GameApplicationTest]: GameApplicationTest does not declare any static, non-private, non-final, nested classes annotated with @Configuration.
16:52:24.216 [Test worker] INFO org.springframework.boot.test.context.SpringBootTestContextBootstrapper -- Found @SpringBootConfiguration com.motycka.edu.GameApplication for test class com.motycka.edu.game.GameApplicationTest

  .   ____          _            __ _ _
 /\\ / ___'_ __ _ _(_)_ __  __ _ \ \ \ \
( ( )\___ | '_ | '_| | '_ \/ _` | \ \ \ \
 \\/  ___)| |_)| | | | | || (_| |  ) ) ) )
  '  |____| .__|_| |_|_| |_\__, | / / / /
 =========|_|==============|___/=/_/_/_/

 :: Spring Boot ::                (v3.3.4)

2025-03-02T16:52:24.390+07:00  INFO 84911 --- [    Test worker] c.motycka.edu.game.GameApplicationTest   : Starting GameApplicationTest using Java 23.0.2 with PID 84911 (started by levandalbashvili in /Users/levandalbashvili/Documents/GitHub/fantasy-space-game)
2025-03-02T16:52:24.391+07:00  INFO 84911 --- [    Test worker] c.motycka.edu.game.GameApplicationTest   : No active profile set, falling back to 1 default profile: "default"
2025-03-02T16:52:24.756+07:00  INFO 84911 --- [    Test worker] com.zaxxer.hikari.HikariDataSource       : HikariPool-1 - Starting...
2025-03-02T16:52:24.821+07:00  INFO 84911 --- [    Test worker] com.zaxxer.hikari.pool.HikariPool        : HikariPool-1 - Added connection conn0: url=jdbc:h2:mem:fantasyspace user=ADMIN
2025-03-02T16:52:24.822+07:00  INFO 84911 --- [    Test worker] com.zaxxer.hikari.HikariDataSource       : HikariPool-1 - Start completed.
2025-03-02T16:52:25.259+07:00  INFO 84911 --- [    Test worker] r$InitializeUserDetailsManagerConfigurer : Global AuthenticationManager configured with UserDetailsService bean with name userDetailsService
2025-03-02T16:52:25.286+07:00  INFO 84911 --- [    Test worker] o.s.b.a.w.s.WelcomePageHandlerMapping    : Adding welcome page: class path resource [static/index.html]
2025-03-02T16:52:25.468+07:00  INFO 84911 --- [    Test worker] c.motycka.edu.game.GameApplicationTest   : Started GameApplicationTest in 1.199 seconds (process running for 1.633)
]]></system-out>
  <system-err><![CDATA[]]></system-err>
</testsuite>
